2021-11-08 18:12:16.8130|0|INFO|Microsoft.Hosting.Lifetime|Application started. Press Ctrl+C to shut down. 
2021-11-08 18:12:16.9454|0|INFO|Microsoft.Hosting.Lifetime|Hosting environment: Development 
2021-11-08 18:12:16.9731|0|INFO|Microsoft.Hosting.Lifetime|Content root path: C:\repos\github\FlowerShop\FlowerShop\FlowerShop 
2021-11-08 18:18:30.4802|0|INFO|Microsoft.Hosting.Lifetime|Application started. Press Ctrl+C to shut down. 
2021-11-08 18:18:30.5717|0|INFO|Microsoft.Hosting.Lifetime|Hosting environment: Development 
2021-11-08 18:18:30.5958|0|INFO|Microsoft.Hosting.Lifetime|Content root path: C:\repos\github\FlowerShop\FlowerShop\FlowerShop 
2021-11-08 18:19:01.3021|0|INFO|FlowerShop.Controllers.BouquetsController|We are in Bouquets 
2021-11-08 18:20:08.6078|0|INFO|FlowerShop.Controllers.BouquetsController|We are in Bouquets 
2021-11-08 18:20:11.2473|1|ERROR|Microsoft.AspNetCore.Diagnostics.DeveloperExceptionPageMiddleware|An unhandled exception has occurred while executing the request. Microsoft.EntityFrameworkCore.DbUpdateConcurrencyException: Database operation expected to affect 1 row(s) but actually affected 0 row(s). Data may have been modified or deleted since entities were loaded. See http://go.microsoft.com/fwlink/?LinkId=527962 for information on understanding and handling optimistic concurrency exceptions.
   at Microsoft.EntityFrameworkCore.Update.AffectedCountModificationCommandBatch.ThrowAggregateUpdateConcurrencyException(Int32 commandIndex, Int32 expectedRowsAffected, Int32 rowsAffected)
   at Microsoft.EntityFrameworkCore.Update.AffectedCountModificationCommandBatch.ConsumeResultSetWithoutPropagationAsync(Int32 commandIndex, RelationalDataReader reader, CancellationToken cancellationToken)
   at Microsoft.EntityFrameworkCore.Update.AffectedCountModificationCommandBatch.ConsumeAsync(RelationalDataReader reader, CancellationToken cancellationToken)
   at Microsoft.EntityFrameworkCore.Update.ReaderModificationCommandBatch.ExecuteAsync(IRelationalConnection connection, CancellationToken cancellationToken)
   at Microsoft.EntityFrameworkCore.Update.ReaderModificationCommandBatch.ExecuteAsync(IRelationalConnection connection, CancellationToken cancellationToken)
   at Microsoft.EntityFrameworkCore.Update.Internal.BatchExecutor.ExecuteAsync(IEnumerable`1 commandBatches, IRelationalConnection connection, CancellationToken cancellationToken)
   at Microsoft.EntityFrameworkCore.Update.Internal.BatchExecutor.ExecuteAsync(IEnumerable`1 commandBatches, IRelationalConnection connection, CancellationToken cancellationToken)
   at Microsoft.EntityFrameworkCore.Update.Internal.BatchExecutor.ExecuteAsync(IEnumerable`1 commandBatches, IRelationalConnection connection, CancellationToken cancellationToken)
   at Microsoft.EntityFrameworkCore.ChangeTracking.Internal.StateManager.SaveChangesAsync(IList`1 entriesToSave, CancellationToken cancellationToken)
   at Microsoft.EntityFrameworkCore.ChangeTracking.Internal.StateManager.SaveChangesAsync(DbContext _, Boolean acceptAllChangesOnSuccess, CancellationToken cancellationToken)
   at Microsoft.EntityFrameworkCore.SqlServer.Storage.Internal.SqlServerExecutionStrategy.ExecuteAsync[TState,TResult](TState state, Func`4 operation, Func`4 verifySucceeded, CancellationToken cancellationToken)
   at Microsoft.EntityFrameworkCore.DbContext.SaveChangesAsync(Boolean acceptAllChangesOnSuccess, CancellationToken cancellationToken)
   at Microsoft.EntityFrameworkCore.DbContext.SaveChangesAsync(Boolean acceptAllChangesOnSuccess, CancellationToken cancellationToken)
   at FlowerShop.DataAccess.CQRS.Commands.Bouquet.RemoveBouquetCommand.Execute(FlowerShopStorageContext context) in C:\repos\github\FlowerShop\FlowerShop\FlowerShop.DataAccess\CQRS\Commands\Bouquet\RemoveBouquetCommand.cs:line 13
   at FlowerShop.ApplicationServices.API.Handlers.Bouquet.RemoveBouquetHandler.Handle(RemoveBouquetRequest request, CancellationToken cancellationToken) in C:\repos\github\FlowerShop\FlowerShop\FlowerShop.ApplicationServices\API\Handlers\Bouquet\RemoveBouquetHandler.cs:line 45
   at MediatR.Pipeline.RequestExceptionProcessorBehavior`2.Handle(TRequest request, CancellationToken cancellationToken, RequestHandlerDelegate`1 next)
   at MediatR.Pipeline.RequestExceptionProcessorBehavior`2.Handle(TRequest request, CancellationToken cancellationToken, RequestHandlerDelegate`1 next)
   at MediatR.Pipeline.RequestExceptionActionProcessorBehavior`2.Handle(TRequest request, CancellationToken cancellationToken, RequestHandlerDelegate`1 next)
   at MediatR.Pipeline.RequestExceptionActionProcessorBehavior`2.Handle(TRequest request, CancellationToken cancellationToken, RequestHandlerDelegate`1 next)
   at MediatR.Pipeline.RequestPostProcessorBehavior`2.Handle(TRequest request, CancellationToken cancellationToken, RequestHandlerDelegate`1 next)
   at MediatR.Pipeline.RequestPreProcessorBehavior`2.Handle(TRequest request, CancellationToken cancellationToken, RequestHandlerDelegate`1 next)
   at FlowerShop.Controllers.ApiControllerBase.HandleRequest[TRequest,TResponse](TRequest request) in C:\repos\github\FlowerShop\FlowerShop\FlowerShop\Controllers\ApiControllerBase.cs:line 33
   at Microsoft.AspNetCore.Mvc.Infrastructure.ActionMethodExecutor.TaskOfIActionResultExecutor.Execute(IActionResultTypeMapper mapper, ObjectMethodExecutor executor, Object controller, Object[] arguments)
   at Microsoft.AspNetCore.Mvc.Infrastructure.ControllerActionInvoker.<InvokeActionMethodAsync>g__Awaited|12_0(ControllerActionInvoker invoker, ValueTask`1 actionResultValueTask)
   at Microsoft.AspNetCore.Mvc.Infrastructure.ControllerActionInvoker.<InvokeNextActionFilterAsync>g__Awaited|10_0(ControllerActionInvoker invoker, Task lastTask, State next, Scope scope, Object state, Boolean isCompleted)
   at Microsoft.AspNetCore.Mvc.Infrastructure.ControllerActionInvoker.Rethrow(ActionExecutedContextSealed context)
   at Microsoft.AspNetCore.Mvc.Infrastructure.ControllerActionInvoker.Next(State& next, Scope& scope, Object& state, Boolean& isCompleted)
   at Microsoft.AspNetCore.Mvc.Infrastructure.ControllerActionInvoker.<InvokeInnerFilterAsync>g__Awaited|13_0(ControllerActionInvoker invoker, Task lastTask, State next, Scope scope, Object state, Boolean isCompleted)
   at Microsoft.AspNetCore.Mvc.Infrastructure.ResourceInvoker.<InvokeFilterPipelineAsync>g__Awaited|19_0(ResourceInvoker invoker, Task lastTask, State next, Scope scope, Object state, Boolean isCompleted)
   at Microsoft.AspNetCore.Mvc.Infrastructure.ResourceInvoker.<InvokeAsync>g__Awaited|17_0(ResourceInvoker invoker, Task task, IDisposable scope)
   at Microsoft.AspNetCore.Routing.EndpointMiddleware.<Invoke>g__AwaitRequestTask|6_0(Endpoint endpoint, Task requestTask, ILogger logger)
   at Microsoft.AspNetCore.Authorization.AuthorizationMiddleware.Invoke(HttpContext context)
   at Swashbuckle.AspNetCore.SwaggerUI.SwaggerUIMiddleware.Invoke(HttpContext httpContext)
   at Swashbuckle.AspNetCore.Swagger.SwaggerMiddleware.Invoke(HttpContext httpContext, ISwaggerProvider swaggerProvider)
   at Microsoft.AspNetCore.Diagnostics.DeveloperExceptionPageMiddleware.Invoke(HttpContext context)
2021-11-08 18:25:27.1162|0|INFO|Microsoft.Hosting.Lifetime|Application started. Press Ctrl+C to shut down. 
2021-11-08 18:25:27.2302|0|INFO|Microsoft.Hosting.Lifetime|Hosting environment: Development 
2021-11-08 18:25:27.2748|0|INFO|Microsoft.Hosting.Lifetime|Content root path: C:\repos\github\FlowerShop\FlowerShop\FlowerShop 
2021-11-08 18:25:51.6245|0|INFO|FlowerShop.Controllers.BouquetsController|We are in Bouquets 
2021-11-08 18:26:39.1314|1|ERROR|Microsoft.AspNetCore.Diagnostics.DeveloperExceptionPageMiddleware|An unhandled exception has occurred while executing the request. Microsoft.EntityFrameworkCore.DbUpdateConcurrencyException: Database operation expected to affect 1 row(s) but actually affected 0 row(s). Data may have been modified or deleted since entities were loaded. See http://go.microsoft.com/fwlink/?LinkId=527962 for information on understanding and handling optimistic concurrency exceptions.
   at Microsoft.EntityFrameworkCore.Update.AffectedCountModificationCommandBatch.ThrowAggregateUpdateConcurrencyException(Int32 commandIndex, Int32 expectedRowsAffected, Int32 rowsAffected)
   at Microsoft.EntityFrameworkCore.Update.AffectedCountModificationCommandBatch.ConsumeResultSetWithoutPropagationAsync(Int32 commandIndex, RelationalDataReader reader, CancellationToken cancellationToken)
   at Microsoft.EntityFrameworkCore.Update.AffectedCountModificationCommandBatch.ConsumeAsync(RelationalDataReader reader, CancellationToken cancellationToken)
   at Microsoft.EntityFrameworkCore.Update.ReaderModificationCommandBatch.ExecuteAsync(IRelationalConnection connection, CancellationToken cancellationToken)
   at Microsoft.EntityFrameworkCore.Update.ReaderModificationCommandBatch.ExecuteAsync(IRelationalConnection connection, CancellationToken cancellationToken)
   at Microsoft.EntityFrameworkCore.Update.Internal.BatchExecutor.ExecuteAsync(IEnumerable`1 commandBatches, IRelationalConnection connection, CancellationToken cancellationToken)
   at Microsoft.EntityFrameworkCore.Update.Internal.BatchExecutor.ExecuteAsync(IEnumerable`1 commandBatches, IRelationalConnection connection, CancellationToken cancellationToken)
   at Microsoft.EntityFrameworkCore.Update.Internal.BatchExecutor.ExecuteAsync(IEnumerable`1 commandBatches, IRelationalConnection connection, CancellationToken cancellationToken)
   at Microsoft.EntityFrameworkCore.ChangeTracking.Internal.StateManager.SaveChangesAsync(IList`1 entriesToSave, CancellationToken cancellationToken)
   at Microsoft.EntityFrameworkCore.ChangeTracking.Internal.StateManager.SaveChangesAsync(DbContext _, Boolean acceptAllChangesOnSuccess, CancellationToken cancellationToken)
   at Microsoft.EntityFrameworkCore.SqlServer.Storage.Internal.SqlServerExecutionStrategy.ExecuteAsync[TState,TResult](TState state, Func`4 operation, Func`4 verifySucceeded, CancellationToken cancellationToken)
   at Microsoft.EntityFrameworkCore.DbContext.SaveChangesAsync(Boolean acceptAllChangesOnSuccess, CancellationToken cancellationToken)
   at Microsoft.EntityFrameworkCore.DbContext.SaveChangesAsync(Boolean acceptAllChangesOnSuccess, CancellationToken cancellationToken)
   at FlowerShop.DataAccess.CQRS.Commands.Bouquet.RemoveBouquetCommand.Execute(FlowerShopStorageContext context) in C:\repos\github\FlowerShop\FlowerShop\FlowerShop.DataAccess\CQRS\Commands\Bouquet\RemoveBouquetCommand.cs:line 13
   at FlowerShop.ApplicationServices.API.Handlers.Bouquet.RemoveBouquetHandler.Handle(RemoveBouquetRequest request, CancellationToken cancellationToken) in C:\repos\github\FlowerShop\FlowerShop\FlowerShop.ApplicationServices\API\Handlers\Bouquet\RemoveBouquetHandler.cs:line 46
   at MediatR.Pipeline.RequestExceptionProcessorBehavior`2.Handle(TRequest request, CancellationToken cancellationToken, RequestHandlerDelegate`1 next)
   at MediatR.Pipeline.RequestExceptionProcessorBehavior`2.Handle(TRequest request, CancellationToken cancellationToken, RequestHandlerDelegate`1 next)
   at MediatR.Pipeline.RequestExceptionActionProcessorBehavior`2.Handle(TRequest request, CancellationToken cancellationToken, RequestHandlerDelegate`1 next)
   at MediatR.Pipeline.RequestExceptionActionProcessorBehavior`2.Handle(TRequest request, CancellationToken cancellationToken, RequestHandlerDelegate`1 next)
   at MediatR.Pipeline.RequestPostProcessorBehavior`2.Handle(TRequest request, CancellationToken cancellationToken, RequestHandlerDelegate`1 next)
   at MediatR.Pipeline.RequestPreProcessorBehavior`2.Handle(TRequest request, CancellationToken cancellationToken, RequestHandlerDelegate`1 next)
   at FlowerShop.Controllers.ApiControllerBase.HandleRequest[TRequest,TResponse](TRequest request) in C:\repos\github\FlowerShop\FlowerShop\FlowerShop\Controllers\ApiControllerBase.cs:line 33
   at Microsoft.AspNetCore.Mvc.Infrastructure.ActionMethodExecutor.TaskOfIActionResultExecutor.Execute(IActionResultTypeMapper mapper, ObjectMethodExecutor executor, Object controller, Object[] arguments)
   at Microsoft.AspNetCore.Mvc.Infrastructure.ControllerActionInvoker.<InvokeActionMethodAsync>g__Awaited|12_0(ControllerActionInvoker invoker, ValueTask`1 actionResultValueTask)
   at Microsoft.AspNetCore.Mvc.Infrastructure.ControllerActionInvoker.<InvokeNextActionFilterAsync>g__Awaited|10_0(ControllerActionInvoker invoker, Task lastTask, State next, Scope scope, Object state, Boolean isCompleted)
   at Microsoft.AspNetCore.Mvc.Infrastructure.ControllerActionInvoker.Rethrow(ActionExecutedContextSealed context)
   at Microsoft.AspNetCore.Mvc.Infrastructure.ControllerActionInvoker.Next(State& next, Scope& scope, Object& state, Boolean& isCompleted)
   at Microsoft.AspNetCore.Mvc.Infrastructure.ControllerActionInvoker.<InvokeInnerFilterAsync>g__Awaited|13_0(ControllerActionInvoker invoker, Task lastTask, State next, Scope scope, Object state, Boolean isCompleted)
   at Microsoft.AspNetCore.Mvc.Infrastructure.ResourceInvoker.<InvokeFilterPipelineAsync>g__Awaited|19_0(ResourceInvoker invoker, Task lastTask, State next, Scope scope, Object state, Boolean isCompleted)
   at Microsoft.AspNetCore.Mvc.Infrastructure.ResourceInvoker.<InvokeAsync>g__Awaited|17_0(ResourceInvoker invoker, Task task, IDisposable scope)
   at Microsoft.AspNetCore.Routing.EndpointMiddleware.<Invoke>g__AwaitRequestTask|6_0(Endpoint endpoint, Task requestTask, ILogger logger)
   at Microsoft.AspNetCore.Authorization.AuthorizationMiddleware.Invoke(HttpContext context)
   at Swashbuckle.AspNetCore.SwaggerUI.SwaggerUIMiddleware.Invoke(HttpContext httpContext)
   at Swashbuckle.AspNetCore.Swagger.SwaggerMiddleware.Invoke(HttpContext httpContext, ISwaggerProvider swaggerProvider)
   at Microsoft.AspNetCore.Diagnostics.DeveloperExceptionPageMiddleware.Invoke(HttpContext context)
2021-11-08 18:29:32.6693|0|INFO|Microsoft.Hosting.Lifetime|Application started. Press Ctrl+C to shut down. 
2021-11-08 18:29:32.7569|0|INFO|Microsoft.Hosting.Lifetime|Hosting environment: Development 
2021-11-08 18:29:32.7931|0|INFO|Microsoft.Hosting.Lifetime|Content root path: C:\repos\github\FlowerShop\FlowerShop\FlowerShop 
2021-11-08 18:29:45.8602|0|INFO|FlowerShop.Controllers.BouquetsController|We are in Bouquets 
2021-11-08 19:10:06.1478|0|INFO|Microsoft.Hosting.Lifetime|Application started. Press Ctrl+C to shut down. 
2021-11-08 19:10:06.2086|0|INFO|Microsoft.Hosting.Lifetime|Hosting environment: Development 
2021-11-08 19:10:06.2212|0|INFO|Microsoft.Hosting.Lifetime|Content root path: C:\repos\github\FlowerShop\FlowerShop\FlowerShop 
2021-11-08 19:10:13.9712|0|INFO|FlowerShop.Controllers.BouquetsController|We are in Bouquets 
2021-11-08 19:10:40.7676|0|INFO|FlowerShop.Controllers.BouquetsController|We are in Bouquets 
2021-11-08 19:10:45.1615|0|INFO|FlowerShop.Controllers.BouquetsController|We are in Bouquets 
2021-11-08 19:11:07.0851|0|INFO|FlowerShop.Controllers.BouquetsController|We are in Bouquets 
2021-11-08 19:12:27.2364|0|INFO|Microsoft.Hosting.Lifetime|Application started. Press Ctrl+C to shut down. 
2021-11-08 19:12:27.3234|0|INFO|Microsoft.Hosting.Lifetime|Hosting environment: Development 
2021-11-08 19:12:27.3349|0|INFO|Microsoft.Hosting.Lifetime|Content root path: C:\repos\github\FlowerShop\FlowerShop\FlowerShop 
2021-11-08 19:12:36.1043|0|INFO|FlowerShop.Controllers.BouquetsController|We are in Bouquets 
2021-11-08 19:12:49.9340|0|INFO|FlowerShop.Controllers.BouquetsController|We are in Bouquets 
2021-11-08 19:13:03.3710|0|INFO|FlowerShop.Controllers.BouquetsController|We are in Bouquets 
2021-11-08 19:13:12.9150|0|INFO|FlowerShop.Controllers.BouquetsController|We are in Bouquets 
2021-11-08 19:13:28.5641|0|INFO|FlowerShop.Controllers.BouquetsController|We are in Bouquets 
2021-11-08 19:13:58.9447|0|INFO|Microsoft.Hosting.Lifetime|Application started. Press Ctrl+C to shut down. 
2021-11-08 19:13:59.0187|0|INFO|Microsoft.Hosting.Lifetime|Hosting environment: Development 
2021-11-08 19:13:59.0371|0|INFO|Microsoft.Hosting.Lifetime|Content root path: C:\repos\github\FlowerShop\FlowerShop\FlowerShop 
2021-11-08 19:14:08.0071|0|INFO|FlowerShop.Controllers.BouquetsController|We are in Bouquets 
2021-11-08 19:14:35.0970|0|INFO|FlowerShop.Controllers.BouquetsController|We are in Bouquets 
2021-11-08 19:14:35.9161|1|ERROR|Microsoft.AspNetCore.Diagnostics.DeveloperExceptionPageMiddleware|An unhandled exception has occurred while executing the request. Microsoft.EntityFrameworkCore.DbUpdateConcurrencyException: Database operation expected to affect 1 row(s) but actually affected 0 row(s). Data may have been modified or deleted since entities were loaded. See http://go.microsoft.com/fwlink/?LinkId=527962 for information on understanding and handling optimistic concurrency exceptions.
   at Microsoft.EntityFrameworkCore.Update.AffectedCountModificationCommandBatch.ThrowAggregateUpdateConcurrencyException(Int32 commandIndex, Int32 expectedRowsAffected, Int32 rowsAffected)
   at Microsoft.EntityFrameworkCore.Update.AffectedCountModificationCommandBatch.ConsumeResultSetWithoutPropagationAsync(Int32 commandIndex, RelationalDataReader reader, CancellationToken cancellationToken)
   at Microsoft.EntityFrameworkCore.Update.AffectedCountModificationCommandBatch.ConsumeAsync(RelationalDataReader reader, CancellationToken cancellationToken)
   at Microsoft.EntityFrameworkCore.Update.ReaderModificationCommandBatch.ExecuteAsync(IRelationalConnection connection, CancellationToken cancellationToken)
   at Microsoft.EntityFrameworkCore.Update.ReaderModificationCommandBatch.ExecuteAsync(IRelationalConnection connection, CancellationToken cancellationToken)
   at Microsoft.EntityFrameworkCore.Update.Internal.BatchExecutor.ExecuteAsync(IEnumerable`1 commandBatches, IRelationalConnection connection, CancellationToken cancellationToken)
   at Microsoft.EntityFrameworkCore.Update.Internal.BatchExecutor.ExecuteAsync(IEnumerable`1 commandBatches, IRelationalConnection connection, CancellationToken cancellationToken)
   at Microsoft.EntityFrameworkCore.Update.Internal.BatchExecutor.ExecuteAsync(IEnumerable`1 commandBatches, IRelationalConnection connection, CancellationToken cancellationToken)
   at Microsoft.EntityFrameworkCore.ChangeTracking.Internal.StateManager.SaveChangesAsync(IList`1 entriesToSave, CancellationToken cancellationToken)
   at Microsoft.EntityFrameworkCore.ChangeTracking.Internal.StateManager.SaveChangesAsync(DbContext _, Boolean acceptAllChangesOnSuccess, CancellationToken cancellationToken)
   at Microsoft.EntityFrameworkCore.SqlServer.Storage.Internal.SqlServerExecutionStrategy.ExecuteAsync[TState,TResult](TState state, Func`4 operation, Func`4 verifySucceeded, CancellationToken cancellationToken)
   at Microsoft.EntityFrameworkCore.DbContext.SaveChangesAsync(Boolean acceptAllChangesOnSuccess, CancellationToken cancellationToken)
   at Microsoft.EntityFrameworkCore.DbContext.SaveChangesAsync(Boolean acceptAllChangesOnSuccess, CancellationToken cancellationToken)
   at FlowerShop.DataAccess.CQRS.Commands.Bouquet.UpdateBouquetCommand.Execute(FlowerShopStorageContext context) in C:\repos\github\FlowerShop\FlowerShop\FlowerShop.DataAccess\CQRS\Commands\Bouquet\UpdateBouquetCommand.cs:line 12
   at FlowerShop.ApplicationServices.API.Handlers.Bouquet.UpdateBouquetHandler.Handle(UpdateBouquetRequest request, CancellationToken cancellationToken) in C:\repos\github\FlowerShop\FlowerShop\FlowerShop.ApplicationServices\API\Handlers\Bouquet\UpdateBouquetHandler.cs:line 38
   at MediatR.Pipeline.RequestExceptionProcessorBehavior`2.Handle(TRequest request, CancellationToken cancellationToken, RequestHandlerDelegate`1 next)
   at MediatR.Pipeline.RequestExceptionProcessorBehavior`2.Handle(TRequest request, CancellationToken cancellationToken, RequestHandlerDelegate`1 next)
   at MediatR.Pipeline.RequestExceptionActionProcessorBehavior`2.Handle(TRequest request, CancellationToken cancellationToken, RequestHandlerDelegate`1 next)
   at MediatR.Pipeline.RequestExceptionActionProcessorBehavior`2.Handle(TRequest request, CancellationToken cancellationToken, RequestHandlerDelegate`1 next)
   at MediatR.Pipeline.RequestPostProcessorBehavior`2.Handle(TRequest request, CancellationToken cancellationToken, RequestHandlerDelegate`1 next)
   at MediatR.Pipeline.RequestPreProcessorBehavior`2.Handle(TRequest request, CancellationToken cancellationToken, RequestHandlerDelegate`1 next)
   at FlowerShop.Controllers.ApiControllerBase.HandleRequest[TRequest,TResponse](TRequest request) in C:\repos\github\FlowerShop\FlowerShop\FlowerShop\Controllers\ApiControllerBase.cs:line 33
   at Microsoft.AspNetCore.Mvc.Infrastructure.ActionMethodExecutor.TaskOfIActionResultExecutor.Execute(IActionResultTypeMapper mapper, ObjectMethodExecutor executor, Object controller, Object[] arguments)
   at Microsoft.AspNetCore.Mvc.Infrastructure.ControllerActionInvoker.<InvokeActionMethodAsync>g__Awaited|12_0(ControllerActionInvoker invoker, ValueTask`1 actionResultValueTask)
   at Microsoft.AspNetCore.Mvc.Infrastructure.ControllerActionInvoker.<InvokeNextActionFilterAsync>g__Awaited|10_0(ControllerActionInvoker invoker, Task lastTask, State next, Scope scope, Object state, Boolean isCompleted)
   at Microsoft.AspNetCore.Mvc.Infrastructure.ControllerActionInvoker.Rethrow(ActionExecutedContextSealed context)
   at Microsoft.AspNetCore.Mvc.Infrastructure.ControllerActionInvoker.Next(State& next, Scope& scope, Object& state, Boolean& isCompleted)
   at Microsoft.AspNetCore.Mvc.Infrastructure.ControllerActionInvoker.<InvokeInnerFilterAsync>g__Awaited|13_0(ControllerActionInvoker invoker, Task lastTask, State next, Scope scope, Object state, Boolean isCompleted)
   at Microsoft.AspNetCore.Mvc.Infrastructure.ResourceInvoker.<InvokeFilterPipelineAsync>g__Awaited|19_0(ResourceInvoker invoker, Task lastTask, State next, Scope scope, Object state, Boolean isCompleted)
   at Microsoft.AspNetCore.Mvc.Infrastructure.ResourceInvoker.<InvokeAsync>g__Awaited|17_0(ResourceInvoker invoker, Task task, IDisposable scope)
   at Microsoft.AspNetCore.Routing.EndpointMiddleware.<Invoke>g__AwaitRequestTask|6_0(Endpoint endpoint, Task requestTask, ILogger logger)
   at Microsoft.AspNetCore.Authorization.AuthorizationMiddleware.Invoke(HttpContext context)
   at Swashbuckle.AspNetCore.SwaggerUI.SwaggerUIMiddleware.Invoke(HttpContext httpContext)
   at Swashbuckle.AspNetCore.Swagger.SwaggerMiddleware.Invoke(HttpContext httpContext, ISwaggerProvider swaggerProvider)
   at Microsoft.AspNetCore.Diagnostics.DeveloperExceptionPageMiddleware.Invoke(HttpContext context)
2021-11-08 19:39:52.0817|0|INFO|Microsoft.Hosting.Lifetime|Application started. Press Ctrl+C to shut down. 
2021-11-08 19:39:52.1915|0|INFO|Microsoft.Hosting.Lifetime|Hosting environment: Development 
2021-11-08 19:39:52.2198|0|INFO|Microsoft.Hosting.Lifetime|Content root path: C:\repos\github\FlowerShop\FlowerShop\FlowerShop 
2021-11-08 19:47:58.2329|0|INFO|FlowerShop.Controllers.BouquetsController|We are in Bouquets 
2021-11-08 19:48:04.5676|0|INFO|FlowerShop.Controllers.BouquetsController|We are in Bouquets 
2021-11-08 19:48:29.0098|0|INFO|FlowerShop.Controllers.BouquetsController|We are in Bouquets 
2021-11-08 19:48:52.4460|0|INFO|FlowerShop.Controllers.BouquetsController|We are in Bouquets 
2021-11-08 19:48:58.3423|0|INFO|FlowerShop.Controllers.BouquetsController|We are in Bouquets 
2021-11-08 19:49:15.8191|0|INFO|FlowerShop.Controllers.BouquetsController|We are in Bouquets 
2021-11-08 19:49:37.3262|0|INFO|FlowerShop.Controllers.BouquetsController|We are in Bouquets 
2021-11-08 19:49:49.5918|0|INFO|FlowerShop.Controllers.BouquetsController|We are in Bouquets 
2021-11-08 19:49:58.0028|0|INFO|FlowerShop.Controllers.BouquetsController|We are in Bouquets 
2021-11-08 19:50:22.9206|0|INFO|FlowerShop.Controllers.BouquetsController|We are in Bouquets 
